<?xml version="1.0" encoding="UTF-8" ?>
<testsuites>

  <testsuite errors="1" failures="0" id="0" name="SetupTests" package="testopia" tests="4" time="16.983">

      <testcase classname="testopia.SetupTests" name="testDeletePreviousConfig" time="3.764"></testcase>

      <testcase classname="testopia.SetupTests" name="testSetupConfig" time="3.015"></testcase>

      <testcase classname="testopia.SetupTests" name="testSetupWebServices" time="3.021">
    
      	<error type="java.lang.NullPointerException">java.lang.NullPointerException</error>

      </testcase>

      <testcase classname="testopia.SetupTests" name="testStartServers" time="7.115"></testcase>

      <system-out></system-out>

      <system-err></system-err>

  </testsuite>
  
  <testsuite errors="0" failures="1" id="1" name="ConfigurationTests" package="testopia" tests="5" time="43.144">

      <testcase classname="testopia.ConfigurationTests" name="testVersion" time="2.672"></testcase>

      <testcase classname="testopia.ConfigurationTests" name="testConfiguration" time="2.504">

	  	<failure message="Could not find expected string" type="junit.framework.AssertionFailedError"> could not find expected string</failure>
	  
	  </testcase>

      <testcase classname="testopia.ConfigurationTests" name="testFunction" time="2.588"></testcase>

      <testcase classname="testopia.ConfigurationTests" name="testDynamicConfig" time="2.448"></testcase>

      <testcase classname="testopia.ConfigurationTests" name="testTeardown" time="2.567"></testcase>

      <system-out></system-out>

      <system-err></system-err>

  </testsuite>
  
</testsuites>
